<?xml version="1.0" encoding="UTF-8"?>

<beans xmlns="http://www.springframework.org/schema/beans"
	xmlns:xsi="http://www.w3.org/2001/XMLSchema-instance" xmlns:jdbc="http://www.springframework.org/schema/jdbc"
	xsi:schemaLocation="http://www.springframework.org/schema/beans
                 http://www.springframework.org/schema/beans/spring-beans-2.0.xsd
                 http://www.springframework.org/schema/jdbc
                 http://www.springframework.org/schema/jdbc/spring-jdbc-3.0.xsd">

	<bean id="dataSource" class="org.apache.commons.dbcp.BasicDataSource"
		destroy-method="close">
		<property name="driverClassName">
			<value>oracle.jdbc.driver.OracleDriver</value>
		</property>
		<property name="url">
			<value>jdbc:oracle:thin:@localhost:1521:zj</value>
		</property>
		<property name="username">
			<value>spring</value>
		</property>
		<property name="password">
			<value>1</value>
		</property>
	</bean>

	<!-- <start id="bean.jdbcTemplate" /> -->
	<bean id="jdbcTemplate" class="org.springframework.jdbc.core.simple.SimpleJdbcTemplate">
		<constructor-arg ref="dataSource" />
	</bean>
	<!-- <end id="bean.jdbcTemplate" /> -->
</beans>
